TN:
SF:src/application/use-cases/user/createUserUseCase.ts
FN:11,<instance_members_initializer>
FN:12,CreateUserUseCase
FN:26,execute
FNF:3
FNH:3
FNDA:13,<instance_members_initializer>
FNDA:13,CreateUserUseCase
FNDA:26,execute
DA:1,1
DA:2,1
DA:3,1
DA:4,1
DA:5,1
DA:6,1
DA:7,1
DA:8,1
DA:9,1
DA:10,1
DA:11,1
DA:12,13
DA:13,13
DA:14,13
DA:15,13
DA:16,13
DA:17,13
DA:18,13
DA:19,13
DA:20,13
DA:21,13
DA:22,13
DA:23,13
DA:24,13
DA:25,13
DA:26,13
DA:27,26
DA:28,26
DA:29,26
DA:30,26
DA:31,26
DA:32,26
DA:33,26
DA:34,22
DA:35,26
DA:36,26
DA:37,18
DA:38,26
DA:39,26
DA:40,14
DA:41,26
DA:42,26
DA:43,2
DA:44,2
DA:45,12
DA:46,12
DA:47,12
DA:48,12
DA:49,7
DA:50,26
DA:51,5
DA:52,5
DA:53,3
DA:54,3
DA:55,3
DA:56,3
DA:57,3
DA:58,3
DA:59,3
DA:60,3
DA:61,3
DA:62,1
DA:63,26
DA:64,11
DA:65,5
DA:66,5
DA:67,5
DA:68,6
DA:69,6
DA:70,6
DA:71,6
DA:72,11
DA:73,11
DA:74,11
DA:75,26
DA:76,13
LF:76
LH:76
BRDA:11,0,0,13
BRDA:12,1,0,13
BRDA:26,2,0,26
BRDA:33,3,0,4
BRDA:34,4,0,22
BRDA:36,5,0,4
BRDA:37,6,0,18
BRDA:39,7,0,4
BRDA:40,8,0,14
BRDA:41,9,0,0
BRDA:42,10,0,2
BRDA:45,11,0,12
BRDA:49,12,0,7
BRDA:50,13,0,2
BRDA:51,14,0,5
BRDA:53,15,0,3
BRDA:62,16,0,1
BRDA:63,17,0,11
BRDA:64,18,0,9
BRDA:64,19,0,5
BRDA:68,20,0,6
BRDA:72,21,0,0
BRF:22
BRH:20
end_of_record
TN:
SF:src/application/use-cases/user/deleteUserUseCase.ts
FN:8,<instance_members_initializer>
FN:9,DeleteUserUseCase
FN:18,execute
FNF:3
FNH:3
FNDA:4,<instance_members_initializer>
FNDA:4,DeleteUserUseCase
FNDA:4,execute
DA:1,1
DA:2,1
DA:3,1
DA:4,1
DA:5,1
DA:6,1
DA:7,1
DA:8,1
DA:9,4
DA:10,4
DA:11,4
DA:12,4
DA:13,4
DA:14,4
DA:15,4
DA:16,4
DA:17,4
DA:18,4
DA:19,4
DA:20,1
DA:21,1
DA:22,3
DA:23,3
DA:24,3
DA:25,3
DA:26,4
DA:27,2
DA:28,2
DA:29,1
DA:30,1
DA:31,4
DA:32,2
DA:33,2
DA:34,4
DA:35,4
LF:35
LH:35
BRDA:8,0,0,4
BRDA:9,1,0,4
BRDA:18,2,0,4
BRDA:19,3,0,1
BRDA:22,4,0,3
BRDA:26,5,0,2
BRDA:29,6,0,1
BRDA:31,7,0,2
BRF:8
BRH:8
end_of_record
TN:
SF:src/application/use-cases/user/getUserByEmailUseCase.ts
FN:10,<instance_members_initializer>
FN:11,GetUserByEmailUseCase
FN:20,execute
FNF:3
FNH:3
FNDA:3,<instance_members_initializer>
FNDA:3,GetUserByEmailUseCase
FNDA:3,execute
DA:1,1
DA:2,1
DA:3,1
DA:4,1
DA:5,1
DA:6,1
DA:7,1
DA:8,1
DA:9,1
DA:10,1
DA:11,3
DA:12,3
DA:13,3
DA:14,3
DA:15,3
DA:16,3
DA:17,3
DA:18,3
DA:19,3
DA:20,3
DA:21,3
DA:22,1
DA:23,1
DA:24,2
DA:25,2
DA:26,2
DA:27,2
DA:28,3
DA:29,1
DA:30,1
DA:31,1
DA:32,1
DA:33,1
DA:34,1
DA:35,1
DA:36,3
DA:37,3
LF:37
LH:37
BRDA:10,0,0,3
BRDA:11,1,0,3
BRDA:20,2,0,3
BRDA:21,3,0,2
BRDA:21,4,0,1
BRDA:24,5,0,2
BRDA:28,6,0,1
BRF:7
BRH:7
end_of_record
TN:
SF:src/application/use-cases/user/getUserByIdUseCase.ts
FN:9,<instance_members_initializer>
FN:10,GetUserByIdUseCase
FN:19,execute
FNF:3
FNH:3
FNDA:3,<instance_members_initializer>
FNDA:3,GetUserByIdUseCase
FNDA:3,execute
DA:1,1
DA:2,1
DA:3,1
DA:4,1
DA:5,1
DA:6,1
DA:7,1
DA:8,1
DA:9,1
DA:10,3
DA:11,3
DA:12,3
DA:13,3
DA:14,3
DA:15,3
DA:16,3
DA:17,3
DA:18,3
DA:19,3
DA:20,3
DA:21,1
DA:22,1
DA:23,2
DA:24,2
DA:25,2
DA:26,2
DA:27,3
DA:28,1
DA:29,1
DA:30,1
DA:31,1
DA:32,1
DA:33,1
DA:34,1
DA:35,0
DA:36,0
DA:37,3
DA:38,3
LF:38
LH:36
BRDA:9,0,0,3
BRDA:10,1,0,3
BRDA:19,2,0,3
BRDA:20,3,0,1
BRDA:23,4,0,2
BRDA:27,5,0,1
BRDA:35,6,0,0
BRF:7
BRH:6
end_of_record
TN:
SF:src/application/use-cases/user/updateUserUseCase.ts
FN:10,<instance_members_initializer>
FN:12,UpdateUserUseCase
FN:19,execute
FNF:3
FNH:3
FNDA:6,<instance_members_initializer>
FNDA:6,UpdateUserUseCase
FNDA:6,execute
DA:1,1
DA:2,1
DA:3,1
DA:4,1
DA:5,1
DA:6,1
DA:7,1
DA:8,1
DA:9,1
DA:10,1
DA:11,6
DA:12,6
DA:13,6
DA:14,6
DA:15,6
DA:16,6
DA:17,6
DA:18,6
DA:19,6
DA:20,6
DA:21,6
DA:22,6
DA:23,2
DA:24,2
DA:25,4
DA:26,6
DA:27,3
DA:28,3
DA:29,4
DA:30,6
DA:31,3
DA:32,3
DA:33,3
DA:34,3
DA:35,3
DA:36,4
DA:37,6
DA:38,2
DA:39,2
DA:40,4
DA:41,4
DA:42,4
DA:43,3
DA:44,3
DA:45,6
DA:46,1
DA:47,1
DA:48,6
DA:49,6
LF:49
LH:49
BRDA:10,0,0,6
BRDA:12,1,0,6
BRDA:19,2,0,6
BRDA:22,3,0,2
BRDA:25,4,0,4
BRDA:26,5,0,3
BRDA:29,6,0,4
BRDA:30,7,0,3
BRDA:36,8,0,4
BRDA:37,9,0,2
BRDA:40,10,0,4
BRDA:43,11,0,3
BRDA:45,12,0,1
BRF:13
BRH:13
end_of_record
TN:
SF:src/domain/entities/user.entity.ts
FN:16,InvalidUserAttributeError
FN:32,<instance_members_initializer>
FN:41,get id
FN:45,get username
FN:49,get email
FN:53,get password
FN:57,get role
FN:61,get created_at
FN:65,get updated_at
FN:69,User
FN:82,create
FN:101,updateProfile
FN:112,changePassword
FN:123,updateRole
FN:134,touch
FN:139,validateUsername
FN:148,validateEmail
FN:159,validatePassword
FN:167,validateRole
FNF:19
FNH:19
FNDA:15,InvalidUserAttributeError
FNDA:18,<instance_members_initializer>
FNDA:12,get id
FNDA:7,get username
FNDA:8,get email
FNDA:4,get password
FNDA:9,get role
FNDA:7,get created_at
FNDA:6,get updated_at
FNDA:18,User
FNDA:29,create
FNDA:5,updateProfile
FNDA:5,changePassword
FNDA:5,updateRole
FNDA:11,touch
FNDA:34,validateUsername
FNDA:27,validateEmail
FNDA:28,validatePassword
FNDA:26,validateRole
DA:1,1
DA:2,1
DA:3,5
DA:4,5
DA:5,5
DA:6,5
DA:7,1
DA:8,1
DA:9,1
DA:10,1
DA:11,1
DA:12,1
DA:13,1
DA:14,1
DA:15,1
DA:16,1
DA:17,15
DA:18,15
DA:19,15
DA:20,1
DA:21,1
DA:22,1
DA:23,1
DA:24,1
DA:25,1
DA:26,1
DA:27,1
DA:28,1
DA:29,1
DA:30,1
DA:31,1
DA:32,1
DA:33,18
DA:34,18
DA:35,18
DA:36,18
DA:37,18
DA:38,18
DA:39,18
DA:40,18
DA:41,18
DA:42,12
DA:43,12
DA:44,18
DA:45,18
DA:46,7
DA:47,7
DA:48,18
DA:49,18
DA:50,8
DA:51,8
DA:52,18
DA:53,18
DA:54,4
DA:55,4
DA:56,18
DA:57,18
DA:58,9
DA:59,9
DA:60,18
DA:61,18
DA:62,7
DA:63,7
DA:64,18
DA:65,18
DA:66,6
DA:67,6
DA:68,18
DA:69,18
DA:70,18
DA:71,18
DA:72,18
DA:73,18
DA:74,18
DA:75,18
DA:76,18
DA:77,18
DA:78,18
DA:79,18
DA:80,18
DA:81,18
DA:82,18
DA:83,29
DA:84,29
DA:85,29
DA:86,29
DA:87,29
DA:88,29
DA:89,29
DA:90,29
DA:91,29
DA:92,29
DA:93,29
DA:94,18
DA:95,18
DA:96,18
DA:97,18
DA:98,18
DA:99,18
DA:100,18
DA:101,18
DA:102,5
DA:103,5
DA:104,5
DA:105,5
DA:106,18
DA:107,18
DA:108,18
DA:109,18
DA:110,18
DA:111,18
DA:112,18
DA:113,5
DA:114,5
DA:115,5
DA:116,5
DA:117,5
DA:118,18
DA:119,18
DA:120,18
DA:121,18
DA:122,18
DA:123,18
DA:124,5
DA:125,5
DA:126,5
DA:127,5
DA:128,18
DA:129,18
DA:130,18
DA:131,18
DA:132,18
DA:133,18
DA:134,18
DA:135,11
DA:136,11
DA:137,18
DA:138,18
DA:139,18
DA:140,34
DA:141,3
DA:142,3
DA:143,3
DA:144,3
DA:145,34
DA:146,34
DA:147,18
DA:148,18
DA:149,27
DA:150,3
DA:151,3
DA:152,24
DA:153,24
DA:154,27
DA:155,1
DA:156,1
DA:157,27
DA:158,18
DA:159,18
DA:160,28
DA:161,3
DA:162,3
DA:163,28
DA:164,28
DA:165,28
DA:166,18
DA:167,18
DA:168,26
DA:169,3
DA:170,3
DA:171,23
DA:172,26
DA:173,2
DA:174,2
DA:175,26
DA:176,18
LF:176
LH:176
BRDA:3,0,0,5
BRDA:16,1,0,15
BRDA:32,2,0,18
BRDA:41,3,0,12
BRDA:45,4,0,7
BRDA:49,5,0,8
BRDA:53,6,0,4
BRDA:57,7,0,9
BRDA:61,8,0,7
BRDA:65,9,0,6
BRDA:69,10,0,18
BRDA:82,11,0,29
BRDA:101,12,0,5
BRDA:112,13,0,5
BRDA:123,14,0,5
BRDA:134,15,0,11
BRDA:139,16,0,34
BRDA:140,17,0,31
BRDA:140,18,0,3
BRDA:148,19,0,27
BRDA:149,20,0,3
BRDA:152,21,0,24
BRDA:154,22,0,1
BRDA:159,23,0,28
BRDA:160,24,0,3
BRDA:167,25,0,26
BRDA:168,26,0,3
BRDA:171,27,0,23
BRDA:172,28,0,2
BRF:29
BRH:29
end_of_record
TN:
SF:src/infrastructure/cryptography/bcrypt-password-hasher.ts
FN:4,<instance_members_initializer>
FN:7,BcryptPasswordHasher
FN:13,hash
FN:21,compare
FNF:4
FNH:3
FNDA:6,<instance_members_initializer>
FNDA:6,BcryptPasswordHasher
FNDA:3,hash
FNDA:0,compare
DA:1,1
DA:2,1
DA:3,1
DA:4,1
DA:5,6
DA:6,6
DA:7,6
DA:8,6
DA:9,6
DA:10,6
DA:11,6
DA:12,6
DA:13,6
DA:14,3
DA:15,3
DA:16,3
DA:17,3
DA:18,3
DA:19,3
DA:20,6
DA:21,6
DA:22,0
DA:23,0
DA:24,6
LF:24
LH:22
BRDA:4,0,0,6
BRDA:7,1,0,6
BRDA:13,2,0,3
BRF:3
BRH:3
end_of_record
TN:
SF:src/utils/fixtures/errors/AppError.ts
FN:1,<instance_members_initializer>
FN:5,AppError
FNF:2
FNH:2
FNDA:34,<instance_members_initializer>
FNDA:34,AppError
DA:1,1
DA:2,34
DA:3,34
DA:4,34
DA:5,34
DA:6,34
DA:7,34
DA:8,34
DA:9,34
DA:10,34
DA:11,34
DA:12,34
DA:13,34
DA:14,34
DA:15,34
DA:16,34
DA:17,34
DA:18,34
DA:19,34
DA:20,34
DA:21,34
DA:22,34
DA:23,34
DA:24,34
LF:24
LH:24
BRDA:1,0,0,34
BRDA:5,1,0,34
BRF:2
BRH:2
end_of_record
TN:
SF:src/utils/fixtures/errors/NotFoundError.ts
FN:13,NotFoundError
FNF:1
FNH:1
FNDA:5,NotFoundError
DA:1,1
DA:2,1
DA:3,1
DA:4,1
DA:5,1
DA:6,1
DA:7,1
DA:8,1
DA:9,1
DA:10,1
DA:11,1
DA:12,1
DA:13,1
DA:14,5
DA:15,5
DA:16,5
DA:17,5
DA:18,5
DA:19,5
DA:20,1
LF:20
LH:20
BRDA:13,0,0,5
BRF:1
BRH:1
end_of_record
TN:
SF:src/utils/fixtures/errors/ValidationError.ts
FN:14,ValidationError
FNF:1
FNH:1
FNDA:18,ValidationError
DA:1,1
DA:2,1
DA:3,1
DA:4,1
DA:5,1
DA:6,1
DA:7,1
DA:8,1
DA:9,1
DA:10,1
DA:11,1
DA:12,1
DA:13,1
DA:14,1
DA:15,18
DA:16,18
DA:17,18
DA:18,18
DA:19,18
DA:20,18
DA:21,1
LF:21
LH:21
BRDA:14,0,0,18
BRF:1
BRH:1
end_of_record
