TN:
SF:src/application/use-cases/user/createUserUseCase.ts
FN:12,<instance_members_initializer>
FN:13,CreateUserUseCase
FN:27,execute
FNF:3
FNH:3
FNDA:13,<instance_members_initializer>
FNDA:13,CreateUserUseCase
FNDA:26,execute
DA:1,1
DA:2,1
DA:3,1
DA:4,1
DA:5,1
DA:6,1
DA:7,1
DA:8,1
DA:9,1
DA:10,1
DA:11,1
DA:12,1
DA:13,13
DA:14,13
DA:15,13
DA:16,13
DA:17,13
DA:18,13
DA:19,13
DA:20,13
DA:21,13
DA:22,13
DA:23,13
DA:24,13
DA:25,13
DA:26,13
DA:27,13
DA:28,26
DA:29,26
DA:30,26
DA:31,26
DA:32,26
DA:33,26
DA:34,26
DA:35,22
DA:36,26
DA:37,26
DA:38,18
DA:39,26
DA:40,26
DA:41,14
DA:42,26
DA:43,26
DA:44,2
DA:45,2
DA:46,12
DA:47,12
DA:48,12
DA:49,12
DA:50,7
DA:51,26
DA:52,5
DA:53,5
DA:54,3
DA:55,3
DA:56,3
DA:57,3
DA:58,3
DA:59,3
DA:60,3
DA:61,3
DA:62,3
DA:63,1
DA:64,26
DA:65,11
DA:66,5
DA:67,5
DA:68,5
DA:69,6
DA:70,6
DA:71,6
DA:72,6
DA:73,11
DA:74,11
DA:75,11
DA:76,26
DA:77,13
LF:77
LH:77
BRDA:12,0,0,13
BRDA:13,1,0,13
BRDA:27,2,0,26
BRDA:34,3,0,4
BRDA:35,4,0,22
BRDA:37,5,0,4
BRDA:38,6,0,18
BRDA:40,7,0,4
BRDA:41,8,0,14
BRDA:42,9,0,0
BRDA:43,10,0,2
BRDA:46,11,0,12
BRDA:50,12,0,7
BRDA:51,13,0,2
BRDA:52,14,0,5
BRDA:54,15,0,3
BRDA:63,16,0,1
BRDA:64,17,0,11
BRDA:65,18,0,9
BRDA:65,19,0,5
BRDA:69,20,0,6
BRDA:73,21,0,0
BRF:22
BRH:20
end_of_record
TN:
SF:src/application/use-cases/user/deleteUserUseCase.ts
FN:8,<instance_members_initializer>
FN:9,DeleteUserUseCase
FN:18,execute
FNF:3
FNH:3
FNDA:4,<instance_members_initializer>
FNDA:4,DeleteUserUseCase
FNDA:4,execute
DA:1,1
DA:2,1
DA:3,1
DA:4,1
DA:5,1
DA:6,1
DA:7,1
DA:8,1
DA:9,4
DA:10,4
DA:11,4
DA:12,4
DA:13,4
DA:14,4
DA:15,4
DA:16,4
DA:17,4
DA:18,4
DA:19,4
DA:20,1
DA:21,1
DA:22,3
DA:23,3
DA:24,3
DA:25,3
DA:26,4
DA:27,2
DA:28,2
DA:29,1
DA:30,1
DA:31,4
DA:32,2
DA:33,2
DA:34,4
DA:35,4
LF:35
LH:35
BRDA:8,0,0,4
BRDA:9,1,0,4
BRDA:18,2,0,4
BRDA:19,3,0,1
BRDA:22,4,0,3
BRDA:26,5,0,2
BRDA:29,6,0,1
BRDA:31,7,0,2
BRF:8
BRH:8
end_of_record
TN:
SF:src/application/use-cases/user/getUserByEmailUseCase.ts
FN:10,<instance_members_initializer>
FN:11,GetUserByEmailUseCase
FN:20,execute
FNF:3
FNH:3
FNDA:3,<instance_members_initializer>
FNDA:3,GetUserByEmailUseCase
FNDA:3,execute
DA:1,1
DA:2,1
DA:3,1
DA:4,1
DA:5,1
DA:6,1
DA:7,1
DA:8,1
DA:9,1
DA:10,1
DA:11,3
DA:12,3
DA:13,3
DA:14,3
DA:15,3
DA:16,3
DA:17,3
DA:18,3
DA:19,3
DA:20,3
DA:21,3
DA:22,1
DA:23,1
DA:24,2
DA:25,2
DA:26,2
DA:27,2
DA:28,3
DA:29,1
DA:30,1
DA:31,1
DA:32,1
DA:33,1
DA:34,1
DA:35,1
DA:36,3
DA:37,3
LF:37
LH:37
BRDA:10,0,0,3
BRDA:11,1,0,3
BRDA:20,2,0,3
BRDA:21,3,0,2
BRDA:21,4,0,1
BRDA:24,5,0,2
BRDA:28,6,0,1
BRF:7
BRH:7
end_of_record
TN:
SF:src/application/use-cases/user/getUserByIdUseCase.ts
FN:9,<instance_members_initializer>
FN:10,GetUserByIdUseCase
FN:19,execute
FNF:3
FNH:3
FNDA:3,<instance_members_initializer>
FNDA:3,GetUserByIdUseCase
FNDA:3,execute
DA:1,1
DA:2,1
DA:3,1
DA:4,1
DA:5,1
DA:6,1
DA:7,1
DA:8,1
DA:9,1
DA:10,3
DA:11,3
DA:12,3
DA:13,3
DA:14,3
DA:15,3
DA:16,3
DA:17,3
DA:18,3
DA:19,3
DA:20,3
DA:21,1
DA:22,1
DA:23,2
DA:24,2
DA:25,2
DA:26,2
DA:27,3
DA:28,1
DA:29,1
DA:30,1
DA:31,1
DA:32,1
DA:33,1
DA:34,1
DA:35,0
DA:36,0
DA:37,3
DA:38,3
LF:38
LH:36
BRDA:9,0,0,3
BRDA:10,1,0,3
BRDA:19,2,0,3
BRDA:20,3,0,1
BRDA:23,4,0,2
BRDA:27,5,0,1
BRDA:35,6,0,0
BRF:7
BRH:6
end_of_record
TN:
SF:src/application/use-cases/user/updateUserUseCase.ts
FN:11,<instance_members_initializer>
FN:13,UpdateUserUseCase
FN:20,execute
FNF:3
FNH:3
FNDA:6,<instance_members_initializer>
FNDA:6,UpdateUserUseCase
FNDA:6,execute
DA:1,1
DA:2,1
DA:3,1
DA:4,1
DA:5,1
DA:6,1
DA:7,1
DA:8,1
DA:9,1
DA:10,1
DA:11,1
DA:12,6
DA:13,6
DA:14,6
DA:15,6
DA:16,6
DA:17,6
DA:18,6
DA:19,6
DA:20,6
DA:21,6
DA:22,6
DA:23,6
DA:24,2
DA:25,2
DA:26,4
DA:27,6
DA:28,3
DA:29,3
DA:30,4
DA:31,6
DA:32,3
DA:33,3
DA:34,3
DA:35,3
DA:36,3
DA:37,4
DA:38,6
DA:39,2
DA:40,2
DA:41,4
DA:42,4
DA:43,4
DA:44,3
DA:45,3
DA:46,6
DA:47,1
DA:48,1
DA:49,6
DA:50,6
LF:50
LH:50
BRDA:11,0,0,6
BRDA:13,1,0,6
BRDA:20,2,0,6
BRDA:23,3,0,2
BRDA:26,4,0,4
BRDA:27,5,0,3
BRDA:30,6,0,4
BRDA:31,7,0,3
BRDA:37,8,0,4
BRDA:38,9,0,2
BRDA:41,10,0,4
BRDA:44,11,0,3
BRDA:46,12,0,1
BRF:13
BRH:13
end_of_record
TN:
SF:src/domain/entities/category.entity.ts
FN:5,CategoryDomainError
FN:16,<instance_members_initializer>
FN:20,Category
FN:25,get id
FN:29,get name
FN:33,validateName
FN:47,create
FN:59,updateDetails
FNF:8
FNH:8
FNDA:6,CategoryDomainError
FNDA:5,<instance_members_initializer>
FNDA:5,Category
FNDA:1,get id
FNDA:2,get name
FNDA:12,validateName
FNDA:8,create
FNDA:4,updateDetails
DA:1,1
DA:2,1
DA:3,1
DA:4,1
DA:5,1
DA:6,6
DA:7,6
DA:8,6
DA:9,1
DA:10,1
DA:11,1
DA:12,1
DA:13,1
DA:14,1
DA:15,1
DA:16,1
DA:17,5
DA:18,5
DA:19,5
DA:20,5
DA:21,5
DA:22,5
DA:23,5
DA:24,5
DA:25,5
DA:26,1
DA:27,1
DA:28,5
DA:29,5
DA:30,2
DA:31,2
DA:32,5
DA:33,5
DA:34,12
DA:35,2
DA:36,2
DA:37,10
DA:38,12
DA:39,2
DA:40,2
DA:41,8
DA:42,12
DA:43,2
DA:44,2
DA:45,12
DA:46,5
DA:47,5
DA:48,8
DA:49,8
DA:50,8
DA:51,8
DA:52,8
DA:53,8
DA:54,8
DA:55,8
DA:56,8
DA:57,8
DA:58,5
DA:59,5
DA:60,4
DA:61,4
DA:62,4
DA:63,4
DA:64,5
LF:64
LH:64
BRDA:5,0,0,6
BRDA:16,1,0,5
BRDA:20,2,0,5
BRDA:25,3,0,1
BRDA:29,4,0,2
BRDA:33,5,0,12
BRDA:34,6,0,2
BRDA:37,7,0,10
BRDA:38,8,0,2
BRDA:41,9,0,8
BRDA:42,10,0,2
BRDA:47,11,0,8
BRDA:59,12,0,4
BRF:13
BRH:13
end_of_record
TN:
SF:src/domain/entities/comment.entity.ts
FN:5,CommentDomainError
FN:16,now
FN:37,Comment
FN:46,get id
FN:50,get content
FN:54,get postId
FN:58,get authorId
FN:62,get created_at
FN:66,get updated_at
FN:70,validateContent
FN:86,validatePostId
FN:96,validateAuthorId
FN:106,create
FN:125,updateDetails
FN:134,setClock
FNF:15
FNH:14
FNDA:10,CommentDomainError
FNDA:0,now
FNDA:5,Comment
FNDA:1,get id
FNDA:1,get content
FNDA:1,get postId
FNDA:1,get authorId
FNDA:1,get created_at
FNDA:1,get updated_at
FNDA:16,validateContent
FNDA:9,validatePostId
FNDA:7,validateAuthorId
FNDA:12,create
FNDA:4,updateDetails
FNDA:12,setClock
DA:1,1
DA:2,1
DA:3,1
DA:4,1
DA:5,1
DA:6,10
DA:7,10
DA:8,10
DA:9,1
DA:10,1
DA:11,1
DA:12,1
DA:13,1
DA:14,1
DA:15,1
DA:16,1
DA:17,1
DA:18,1
DA:19,1
DA:20,1
DA:21,1
DA:22,1
DA:23,1
DA:24,1
DA:25,1
DA:26,1
DA:27,1
DA:28,1
DA:29,1
DA:30,1
DA:31,1
DA:32,1
DA:33,1
DA:34,1
DA:35,1
DA:36,1
DA:37,1
DA:38,5
DA:39,5
DA:40,5
DA:41,5
DA:42,5
DA:43,5
DA:44,5
DA:45,1
DA:46,1
DA:47,1
DA:48,1
DA:49,1
DA:50,1
DA:51,1
DA:52,1
DA:53,1
DA:54,1
DA:55,1
DA:56,1
DA:57,1
DA:58,1
DA:59,1
DA:60,1
DA:61,1
DA:62,1
DA:63,1
DA:64,1
DA:65,1
DA:66,1
DA:67,1
DA:68,1
DA:69,1
DA:70,1
DA:71,16
DA:72,2
DA:73,2
DA:74,14
DA:75,16
DA:76,2
DA:77,2
DA:78,12
DA:79,16
DA:80,2
DA:81,2
DA:82,2
DA:83,2
DA:84,16
DA:85,1
DA:86,1
DA:87,9
DA:88,1
DA:89,1
DA:90,8
DA:91,9
DA:92,1
DA:93,1
DA:94,9
DA:95,1
DA:96,1
DA:97,7
DA:98,1
DA:99,1
DA:100,6
DA:101,7
DA:102,1
DA:103,1
DA:104,7
DA:105,1
DA:106,1
DA:107,12
DA:108,12
DA:109,12
DA:110,12
DA:111,12
DA:112,12
DA:113,12
DA:114,12
DA:115,12
DA:116,12
DA:117,12
DA:118,12
DA:119,12
DA:120,12
DA:121,12
DA:122,12
DA:123,12
DA:124,1
DA:125,1
DA:126,4
DA:127,4
DA:128,4
DA:129,4
DA:130,4
DA:131,4
DA:132,4
DA:133,1
DA:134,1
DA:135,12
DA:136,12
DA:137,1
LF:137
LH:137
BRDA:5,0,0,10
BRDA:37,1,0,5
BRDA:46,2,0,1
BRDA:50,3,0,1
BRDA:54,4,0,1
BRDA:58,5,0,1
BRDA:62,6,0,1
BRDA:66,7,0,1
BRDA:70,8,0,16
BRDA:71,9,0,2
BRDA:74,10,0,14
BRDA:75,11,0,2
BRDA:78,12,0,12
BRDA:79,13,0,2
BRDA:86,14,0,9
BRDA:87,15,0,1
BRDA:90,16,0,8
BRDA:91,17,0,1
BRDA:96,18,0,7
BRDA:97,19,0,1
BRDA:100,20,0,6
BRDA:101,21,0,1
BRDA:106,22,0,12
BRDA:125,23,0,4
BRDA:134,24,0,12
BRF:25
BRH:25
end_of_record
TN:
SF:src/domain/entities/post.entity.ts
FN:6,PostDomainError
FN:34,now
FN:48,Post
FN:59,get id
FN:62,get authorId
FN:65,get title
FN:68,get content
FN:71,get status
FN:74,get created_at
FN:77,get updated_at
FN:82,validateTitle
FN:91,validateContent
FN:97,validateAuthorId
FN:113,create
FN:133,updateDetails
FN:143,publish
FN:152,unpublish
FN:161,setClock
FNF:18
FNH:17
FNDA:11,PostDomainError
FNDA:0,now
FNDA:10,Post
FNDA:4,get id
FNDA:2,get authorId
FNDA:3,get title
FNDA:3,get content
FNDA:5,get status
FNDA:5,get created_at
FNDA:15,get updated_at
FNDA:20,validateTitle
FNDA:16,validateContent
FNDA:13,validateAuthorId
FNDA:16,create
FNDA:4,updateDetails
FNDA:4,publish
FNDA:2,unpublish
FNDA:16,setClock
DA:1,1
DA:2,1
DA:3,1
DA:4,1
DA:5,1
DA:6,1
DA:7,11
DA:8,11
DA:9,11
DA:10,1
DA:11,1
DA:12,1
DA:13,1
DA:14,1
DA:15,1
DA:16,1
DA:17,1
DA:18,1
DA:19,1
DA:20,1
DA:21,1
DA:22,1
DA:23,1
DA:24,1
DA:25,1
DA:26,1
DA:27,1
DA:28,1
DA:29,1
DA:30,1
DA:31,1
DA:32,1
DA:33,1
DA:34,1
DA:35,1
DA:36,1
DA:37,1
DA:38,1
DA:39,1
DA:40,1
DA:41,1
DA:42,1
DA:43,1
DA:44,1
DA:45,1
DA:46,1
DA:47,1
DA:48,1
DA:49,10
DA:50,10
DA:51,10
DA:52,10
DA:53,10
DA:54,10
DA:55,10
DA:56,10
DA:57,1
DA:58,1
DA:59,1
DA:60,4
DA:61,4
DA:62,1
DA:63,2
DA:64,2
DA:65,1
DA:66,3
DA:67,3
DA:68,1
DA:69,3
DA:70,3
DA:71,1
DA:72,5
DA:73,5
DA:74,1
DA:75,5
DA:76,5
DA:77,1
DA:78,15
DA:79,15
DA:80,1
DA:81,1
DA:82,1
DA:83,20
DA:84,2
DA:85,2
DA:86,20
DA:87,2
DA:88,2
DA:89,20
DA:90,1
DA:91,1
DA:92,16
DA:93,2
DA:94,2
DA:95,16
DA:96,1
DA:97,1
DA:98,13
DA:99,1
DA:100,1
DA:101,12
DA:102,13
DA:103,1
DA:104,1
DA:105,11
DA:106,13
DA:107,1
DA:108,1
DA:109,13
DA:110,1
DA:111,1
DA:112,1
DA:113,1
DA:114,16
DA:115,16
DA:116,16
DA:117,16
DA:118,16
DA:119,16
DA:120,16
DA:121,16
DA:122,16
DA:123,16
DA:124,16
DA:125,16
DA:126,16
DA:127,16
DA:128,16
DA:129,16
DA:130,16
DA:131,16
DA:132,1
DA:133,1
DA:134,4
DA:135,4
DA:136,4
DA:137,4
DA:138,4
DA:139,4
DA:140,4
DA:141,1
DA:142,1
DA:143,1
DA:144,4
DA:145,1
DA:146,1
DA:147,1
DA:148,3
DA:149,3
DA:150,3
DA:151,1
DA:152,1
DA:153,2
DA:154,1
DA:155,1
DA:156,1
DA:157,1
DA:158,1
DA:159,1
DA:160,1
DA:161,1
DA:162,16
DA:163,16
DA:164,1
LF:164
LH:164
BRDA:6,0,0,11
BRDA:13,1,0,1
BRDA:48,2,0,10
BRDA:59,3,0,4
BRDA:62,4,0,2
BRDA:65,5,0,3
BRDA:68,6,0,3
BRDA:71,7,0,5
BRDA:74,8,0,5
BRDA:77,9,0,15
BRDA:82,10,0,20
BRDA:83,11,0,2
BRDA:86,12,0,18
BRDA:86,13,0,2
BRDA:91,14,0,16
BRDA:92,15,0,2
BRDA:97,16,0,13
BRDA:98,17,0,1
BRDA:101,18,0,12
BRDA:102,19,0,1
BRDA:105,20,0,11
BRDA:106,21,0,1
BRDA:113,22,0,16
BRDA:133,23,0,4
BRDA:143,24,0,4
BRDA:144,25,0,1
BRDA:148,26,0,3
BRDA:152,27,0,2
BRDA:153,28,0,1
BRDA:161,29,0,16
BRF:30
BRH:30
end_of_record
TN:
SF:src/domain/entities/user.entity.ts
FN:17,InvalidUserAttributeError
FN:33,<instance_members_initializer>
FN:42,get id
FN:46,get username
FN:50,get email
FN:54,get password
FN:58,get role
FN:62,get created_at
FN:66,get updated_at
FN:70,User
FN:83,create
FN:102,updateProfile
FN:113,changePassword
FN:124,updateRole
FN:135,touch
FN:140,validateUsername
FN:149,validateEmail
FN:160,validatePassword
FN:168,validateRole
FNF:19
FNH:19
FNDA:15,InvalidUserAttributeError
FNDA:19,<instance_members_initializer>
FNDA:14,get id
FNDA:9,get username
FNDA:10,get email
FNDA:4,get password
FNDA:11,get role
FNDA:7,get created_at
FNDA:6,get updated_at
FNDA:19,User
FNDA:30,create
FNDA:5,updateProfile
FNDA:5,changePassword
FNDA:5,updateRole
FNDA:11,touch
FNDA:35,validateUsername
FNDA:28,validateEmail
FNDA:29,validatePassword
FNDA:27,validateRole
DA:1,1
DA:2,1
DA:3,1
DA:4,1
DA:5,1
DA:6,1
DA:7,1
DA:8,1
DA:9,1
DA:10,1
DA:11,1
DA:12,1
DA:13,1
DA:14,1
DA:15,1
DA:16,1
DA:17,1
DA:18,15
DA:19,15
DA:20,15
DA:21,1
DA:22,1
DA:23,1
DA:24,1
DA:25,1
DA:26,1
DA:27,1
DA:28,1
DA:29,1
DA:30,1
DA:31,1
DA:32,1
DA:33,1
DA:34,19
DA:35,19
DA:36,19
DA:37,19
DA:38,19
DA:39,19
DA:40,19
DA:41,19
DA:42,19
DA:43,14
DA:44,14
DA:45,19
DA:46,19
DA:47,9
DA:48,9
DA:49,19
DA:50,19
DA:51,10
DA:52,10
DA:53,19
DA:54,19
DA:55,4
DA:56,4
DA:57,19
DA:58,19
DA:59,11
DA:60,11
DA:61,19
DA:62,19
DA:63,7
DA:64,7
DA:65,19
DA:66,19
DA:67,6
DA:68,6
DA:69,19
DA:70,19
DA:71,19
DA:72,19
DA:73,19
DA:74,19
DA:75,19
DA:76,19
DA:77,19
DA:78,19
DA:79,19
DA:80,19
DA:81,19
DA:82,19
DA:83,19
DA:84,30
DA:85,30
DA:86,30
DA:87,30
DA:88,30
DA:89,30
DA:90,30
DA:91,30
DA:92,30
DA:93,30
DA:94,30
DA:95,19
DA:96,19
DA:97,19
DA:98,19
DA:99,19
DA:100,19
DA:101,19
DA:102,19
DA:103,5
DA:104,5
DA:105,5
DA:106,5
DA:107,19
DA:108,19
DA:109,19
DA:110,19
DA:111,19
DA:112,19
DA:113,19
DA:114,5
DA:115,5
DA:116,5
DA:117,5
DA:118,5
DA:119,19
DA:120,19
DA:121,19
DA:122,19
DA:123,19
DA:124,19
DA:125,5
DA:126,5
DA:127,5
DA:128,5
DA:129,19
DA:130,19
DA:131,19
DA:132,19
DA:133,19
DA:134,19
DA:135,19
DA:136,11
DA:137,11
DA:138,19
DA:139,19
DA:140,19
DA:141,35
DA:142,3
DA:143,3
DA:144,3
DA:145,3
DA:146,35
DA:147,35
DA:148,19
DA:149,19
DA:150,28
DA:151,3
DA:152,3
DA:153,25
DA:154,25
DA:155,28
DA:156,1
DA:157,1
DA:158,28
DA:159,19
DA:160,19
DA:161,29
DA:162,3
DA:163,3
DA:164,29
DA:165,29
DA:166,29
DA:167,19
DA:168,19
DA:169,27
DA:170,3
DA:171,3
DA:172,24
DA:173,27
DA:174,2
DA:175,2
DA:176,27
DA:177,19
LF:177
LH:177
BRDA:17,0,0,15
BRDA:33,1,0,19
BRDA:42,2,0,14
BRDA:46,3,0,9
BRDA:50,4,0,10
BRDA:54,5,0,4
BRDA:58,6,0,11
BRDA:62,7,0,7
BRDA:66,8,0,6
BRDA:70,9,0,19
BRDA:83,10,0,30
BRDA:102,11,0,5
BRDA:113,12,0,5
BRDA:124,13,0,5
BRDA:135,14,0,11
BRDA:140,15,0,35
BRDA:141,16,0,32
BRDA:141,17,0,3
BRDA:149,18,0,28
BRDA:150,19,0,3
BRDA:153,20,0,25
BRDA:155,21,0,1
BRDA:160,22,0,29
BRDA:161,23,0,3
BRDA:168,24,0,27
BRDA:169,25,0,3
BRDA:172,26,0,24
BRDA:173,27,0,2
BRF:28
BRH:28
end_of_record
TN:
SF:src/infrastructure/cryptography/bcrypt-password-hasher.ts
FN:4,<instance_members_initializer>
FN:7,BcryptPasswordHasher
FN:13,hash
FN:21,compare
FNF:4
FNH:3
FNDA:6,<instance_members_initializer>
FNDA:6,BcryptPasswordHasher
FNDA:3,hash
FNDA:0,compare
DA:1,1
DA:2,1
DA:3,1
DA:4,1
DA:5,6
DA:6,6
DA:7,6
DA:8,6
DA:9,6
DA:10,6
DA:11,6
DA:12,6
DA:13,6
DA:14,3
DA:15,3
DA:16,3
DA:17,3
DA:18,3
DA:19,3
DA:20,6
DA:21,6
DA:22,0
DA:23,0
DA:24,6
LF:24
LH:22
BRDA:4,0,0,6
BRDA:7,1,0,6
BRDA:13,2,0,3
BRF:3
BRH:3
end_of_record
TN:
SF:src/utils/fixtures/errors/AppError.ts
FN:1,<instance_members_initializer>
FN:5,AppError
FNF:2
FNH:2
FNDA:37,<instance_members_initializer>
FNDA:37,AppError
DA:1,1
DA:2,37
DA:3,37
DA:4,37
DA:5,37
DA:6,37
DA:7,37
DA:8,37
DA:9,37
DA:10,37
DA:11,37
DA:12,37
DA:13,37
DA:14,37
DA:15,37
DA:16,37
DA:17,37
DA:18,37
DA:19,37
DA:20,37
DA:21,37
DA:22,37
DA:23,37
DA:24,37
LF:24
LH:24
BRDA:1,0,0,37
BRDA:5,1,0,37
BRF:2
BRH:2
end_of_record
TN:
SF:src/utils/fixtures/errors/NotFoundError.ts
FN:13,NotFoundError
FNF:1
FNH:1
FNDA:6,NotFoundError
DA:1,1
DA:2,1
DA:3,1
DA:4,1
DA:5,1
DA:6,1
DA:7,1
DA:8,1
DA:9,1
DA:10,1
DA:11,1
DA:12,1
DA:13,1
DA:14,6
DA:15,6
DA:16,6
DA:17,6
DA:18,6
DA:19,6
DA:20,1
LF:20
LH:20
BRDA:13,0,0,6
BRF:1
BRH:1
end_of_record
TN:
SF:src/utils/fixtures/errors/ValidationError.ts
FN:14,ValidationError
FNF:1
FNH:1
FNDA:19,ValidationError
DA:1,1
DA:2,1
DA:3,1
DA:4,1
DA:5,1
DA:6,1
DA:7,1
DA:8,1
DA:9,1
DA:10,1
DA:11,1
DA:12,1
DA:13,1
DA:14,1
DA:15,19
DA:16,19
DA:17,19
DA:18,19
DA:19,19
DA:20,19
DA:21,1
LF:21
LH:21
BRDA:14,0,0,19
BRF:1
BRH:1
end_of_record
