TN:
SF:src/application/use-cases/post/createPostUseCase.ts
FN:14,<instance_members_initializer>
FN:15,CreatePostUseCase
FN:28,execute
FNF:3
FNH:3
FNDA:8,<instance_members_initializer>
FNDA:8,CreatePostUseCase
FNDA:8,execute
DA:1,1
DA:2,1
DA:3,1
DA:4,1
DA:5,1
DA:6,1
DA:7,1
DA:8,1
DA:9,1
DA:10,1
DA:11,1
DA:12,1
DA:13,1
DA:14,1
DA:15,8
DA:16,8
DA:17,8
DA:18,8
DA:19,8
DA:20,8
DA:21,8
DA:22,8
DA:23,8
DA:24,8
DA:25,8
DA:26,8
DA:27,8
DA:28,8
DA:29,8
DA:30,8
DA:31,8
DA:32,1
DA:33,1
DA:34,8
DA:35,1
DA:36,1
DA:37,8
DA:38,1
DA:39,1
DA:40,8
DA:41,1
DA:42,1
DA:43,4
DA:44,4
DA:45,4
DA:46,4
DA:47,4
DA:48,4
DA:49,4
DA:50,4
DA:51,4
DA:52,4
DA:53,4
DA:54,4
DA:55,4
DA:56,4
DA:57,4
DA:58,4
DA:59,4
DA:60,4
DA:61,4
DA:62,4
DA:63,4
DA:64,4
DA:65,4
DA:66,4
DA:67,4
DA:68,4
DA:69,1
DA:70,1
DA:71,1
DA:72,1
DA:73,1
DA:74,1
DA:75,1
DA:76,1
DA:77,1
DA:78,1
DA:79,1
DA:80,1
DA:81,1
DA:82,1
DA:83,8
LF:83
LH:83
BRDA:14,0,0,8
BRDA:15,1,0,8
BRDA:28,2,0,8
BRDA:31,3,0,1
BRDA:34,4,0,7
BRDA:34,5,0,1
BRDA:37,6,0,6
BRDA:37,7,0,1
BRDA:40,8,0,5
BRDA:40,9,0,1
BRDA:43,10,0,4
BRDA:69,11,0,1
BRF:12
BRH:12
end_of_record
TN:
SF:src/utils/fixtures/errors/AppError.ts
FN:1,<instance_members_initializer>
FN:5,AppError
FNF:2
FNH:2
FNDA:6,<instance_members_initializer>
FNDA:6,AppError
DA:1,1
DA:2,6
DA:3,6
DA:4,6
DA:5,6
DA:6,6
DA:7,6
DA:8,6
DA:9,6
DA:10,6
DA:11,6
DA:12,6
DA:13,6
DA:14,6
DA:15,6
DA:16,6
DA:17,6
DA:18,6
DA:19,6
DA:20,6
DA:21,6
DA:22,6
DA:23,6
DA:24,6
LF:24
LH:24
BRDA:1,0,0,6
BRDA:5,1,0,6
BRF:2
BRH:2
end_of_record
TN:
SF:src/utils/fixtures/errors/ValidationError.ts
FN:13,ValidationError
FNF:1
FNH:1
FNDA:4,ValidationError
DA:1,1
DA:2,1
DA:3,1
DA:4,1
DA:5,1
DA:6,1
DA:7,1
DA:8,1
DA:9,1
DA:10,1
DA:11,1
DA:12,1
DA:13,1
DA:14,4
DA:15,4
DA:16,4
DA:17,4
DA:18,4
DA:19,4
DA:20,1
LF:20
LH:20
BRDA:13,0,0,4
BRF:1
BRH:1
end_of_record
