TN:
SF:src/domain/entities/post.entity.ts
FN:6,PostTitleIsRequiredError
FN:12,PostContentDomainError
FN:19,PostAuthorIdIsRequiredError
FN:26,PostAlreadyPublishedError
FN:33,PostAlreadyDraftedError
FN:61,now
FN:75,Post
FN:86,get id
FN:89,get authorId
FN:92,get title
FN:95,get content
FN:98,get status
FN:101,get createdAt
FN:104,get updatedAt
FN:109,validateTitle
FN:120,validateContent
FN:126,validateAuthorId
FN:142,create
FN:162,updateDetails
FN:172,publish
FN:183,unpublish
FN:192,setClock
FNF:22
FNH:21
FNDA:4,PostTitleIsRequiredError
FNDA:2,PostContentDomainError
FNDA:3,PostAuthorIdIsRequiredError
FNDA:1,PostAlreadyPublishedError
FNDA:1,PostAlreadyDraftedError
FNDA:0,now
FNDA:10,Post
FNDA:4,get id
FNDA:2,get authorId
FNDA:3,get title
FNDA:3,get content
FNDA:5,get status
FNDA:5,get createdAt
FNDA:15,get updatedAt
FNDA:20,validateTitle
FNDA:16,validateContent
FNDA:13,validateAuthorId
FNDA:16,create
FNDA:4,updateDetails
FNDA:4,publish
FNDA:2,unpublish
FNDA:16,setClock
DA:1,1
DA:2,1
DA:3,1
DA:4,1
DA:5,1
DA:6,1
DA:7,4
DA:8,4
DA:9,1
DA:10,1
DA:11,1
DA:12,1
DA:13,2
DA:14,2
DA:15,2
DA:16,1
DA:17,1
DA:18,1
DA:19,1
DA:20,3
DA:21,3
DA:22,3
DA:23,1
DA:24,1
DA:25,1
DA:26,1
DA:27,1
DA:28,1
DA:29,1
DA:30,1
DA:31,1
DA:32,1
DA:33,1
DA:34,1
DA:35,1
DA:36,1
DA:37,1
DA:38,1
DA:39,1
DA:40,1
DA:41,1
DA:42,1
DA:43,1
DA:44,1
DA:45,1
DA:46,1
DA:47,1
DA:48,1
DA:49,1
DA:50,1
DA:51,1
DA:52,1
DA:53,1
DA:54,1
DA:55,1
DA:56,1
DA:57,1
DA:58,1
DA:59,1
DA:60,1
DA:61,1
DA:62,1
DA:63,1
DA:64,1
DA:65,1
DA:66,1
DA:67,1
DA:68,1
DA:69,1
DA:70,1
DA:71,1
DA:72,1
DA:73,1
DA:74,1
DA:75,1
DA:76,10
DA:77,10
DA:78,10
DA:79,10
DA:80,10
DA:81,10
DA:82,10
DA:83,10
DA:84,1
DA:85,1
DA:86,1
DA:87,4
DA:88,4
DA:89,1
DA:90,2
DA:91,2
DA:92,1
DA:93,3
DA:94,3
DA:95,1
DA:96,3
DA:97,3
DA:98,1
DA:99,5
DA:100,5
DA:101,1
DA:102,5
DA:103,5
DA:104,1
DA:105,15
DA:106,15
DA:107,1
DA:108,1
DA:109,1
DA:110,20
DA:111,2
DA:112,2
DA:113,20
DA:114,2
DA:115,2
DA:116,2
DA:117,2
DA:118,20
DA:119,1
DA:120,1
DA:121,16
DA:122,2
DA:123,2
DA:124,16
DA:125,1
DA:126,1
DA:127,13
DA:128,1
DA:129,1
DA:130,12
DA:131,13
DA:132,1
DA:133,1
DA:134,11
DA:135,13
DA:136,1
DA:137,1
DA:138,13
DA:139,1
DA:140,1
DA:141,1
DA:142,1
DA:143,16
DA:144,16
DA:145,16
DA:146,16
DA:147,16
DA:148,16
DA:149,16
DA:150,16
DA:151,16
DA:152,16
DA:153,16
DA:154,16
DA:155,16
DA:156,16
DA:157,16
DA:158,16
DA:159,16
DA:160,16
DA:161,1
DA:162,1
DA:163,4
DA:164,4
DA:165,4
DA:166,4
DA:167,4
DA:168,4
DA:169,4
DA:170,1
DA:171,1
DA:172,1
DA:173,4
DA:174,1
DA:175,1
DA:176,1
DA:177,1
DA:178,1
DA:179,3
DA:180,3
DA:181,3
DA:182,1
DA:183,1
DA:184,2
DA:185,1
DA:186,1
DA:187,1
DA:188,1
DA:189,1
DA:190,1
DA:191,1
DA:192,1
DA:193,16
DA:194,16
DA:195,1
LF:195
LH:195
BRDA:6,0,0,4
BRDA:12,1,0,2
BRDA:19,2,0,3
BRDA:26,3,0,1
BRDA:33,4,0,1
BRDA:40,5,0,1
BRDA:75,6,0,10
BRDA:86,7,0,4
BRDA:89,8,0,2
BRDA:92,9,0,3
BRDA:95,10,0,3
BRDA:98,11,0,5
BRDA:101,12,0,5
BRDA:104,13,0,15
BRDA:109,14,0,20
BRDA:110,15,0,19
BRDA:110,16,0,2
BRDA:113,17,0,18
BRDA:113,18,0,2
BRDA:120,19,0,16
BRDA:121,20,0,14
BRDA:121,21,0,2
BRDA:126,22,0,13
BRDA:127,23,0,1
BRDA:130,24,0,12
BRDA:131,25,0,1
BRDA:134,26,0,11
BRDA:135,27,0,1
BRDA:142,28,0,16
BRDA:162,29,0,4
BRDA:172,30,0,4
BRDA:173,31,0,1
BRDA:179,32,0,3
BRDA:183,33,0,2
BRDA:184,34,0,1
BRDA:192,35,0,16
BRF:36
BRH:36
end_of_record
